<?xml version="1.0" encoding="UTF-8"?>
<!-- Generated by org.testng.reporters.JUnitReportReporter -->
<testsuite hostname="Ramya" failures="0" tests="2" name="testcases.LoginTest" time="279.258" errors="0" timestamp="25 Nov 2023 13:52:33 GMT" skipped="0">
  <testcase classname="testcases.LoginTest" name="LoginFailiureTest" time="194.607"/>
  <testcase classname="testcases.LoginTest" name="LoginSuccessTest" time="84.651"/>
</testsuite> <!-- testcases.LoginTest -->
